<?xml version="1.0" encoding="UTF-8"?>
<!-- Generated by org.testng.reporters.JUnitXMLReporter -->
<testsuite hostname="QAP-PC" name="avinash" tests="4" failures="0" timestamp="5 Aug 2019 06:32:37 GMT" time="8.634" errors="0">
  <testcase name="addEmp" time="0.007" classname="myPack.Avinash"/>
  <testcase name="deleteEmp" time="0.0" classname="myPack.Avinash"/>
  <testcase name="editEmp" time="0.0" classname="myPack.Avinash"/>
  <testcase name="verifyLogin" time="8.615" classname="myPack.Avinash"/>
</testsuite> <!-- avinash -->
