<?xml version="1.0" encoding="UTF-8"?>
<testng-results skipped="0" failed="0" total="4" passed="4">
  <reporter-output>
  </reporter-output>
  <suite name="avinash" duration-ms="8634" started-at="2019-08-05T06:32:28Z" finished-at="2019-08-05T06:32:37Z">
    <groups>
    </groups>
    <test name="avinash" duration-ms="8634" started-at="2019-08-05T06:32:28Z" finished-at="2019-08-05T06:32:37Z">
      <class name="myPack.Avinash">
        <test-method status="PASS" signature="addEmp()[pri:0, instance:myPack.Avinash@d64342]" name="addEmp" duration-ms="7" started-at="2019-08-05T12:02:28Z" finished-at="2019-08-05T12:02:28Z">
          <reporter-output>
          </reporter-output>
        </test-method> <!-- addEmp -->
        <test-method status="PASS" signature="deleteEmp()[pri:0, instance:myPack.Avinash@d64342]" name="deleteEmp" duration-ms="0" started-at="2019-08-05T12:02:28Z" finished-at="2019-08-05T12:02:28Z">
          <reporter-output>
          </reporter-output>
        </test-method> <!-- deleteEmp -->
        <test-method status="PASS" signature="editEmp()[pri:0, instance:myPack.Avinash@d64342]" name="editEmp" duration-ms="0" started-at="2019-08-05T12:02:28Z" finished-at="2019-08-05T12:02:28Z">
          <reporter-output>
          </reporter-output>
        </test-method> <!-- editEmp -->
        <test-method status="PASS" signature="verifyLogin()[pri:0, instance:myPack.Avinash@d64342]" name="verifyLogin" duration-ms="8615" started-at="2019-08-05T12:02:28Z" finished-at="2019-08-05T12:02:37Z">
          <reporter-output>
          </reporter-output>
        </test-method> <!-- verifyLogin -->
      </class> <!-- myPack.Avinash -->
    </test> <!-- avinash -->
  </suite> <!-- avinash -->
</testng-results>
